<!DOCTYPE html>

<html>
  <head>
  <meta charset='utf-8'>
  <title>TestNG reports</title>

    <link type="text/css" href="testng-reports.css" rel="stylesheet" />  
    <script type="text/javascript" src="jquery-1.7.1.min.js"></script>
    <script type="text/javascript" src="testng-reports.js"></script>
    <script type="text/javascript" src="https://www.google.com/jsapi"></script>
    <script type='text/javascript'>
      google.load('visualization', '1', {packages:['table']});
      google.setOnLoadCallback(drawTable);
      var suiteTableInitFunctions = new Array();
      var suiteTableData = new Array();
    </script>
    <!--
      <script type="text/javascript" src="jquery-ui/js/jquery-ui-1.8.16.custom.min.js"></script>
     -->
  </head>

  <body>
    <div class="top-banner-root">
      <span class="top-banner-title-font">Test results</span>
      <br/>
      <span class="top-banner-font-1">1 suite, 4 failed tests</span>
    </div> <!-- top-banner-root -->
    <div class="navigator-root">
      <div class="navigator-suite-header">
        <span>All suites</span>
        <a href="#" title="Collapse/expand all the suites" class="collapse-all-link">
          <img src="collapseall.gif" class="collapse-all-icon">
          </img> <!-- collapse-all-icon -->
        </a> <!-- collapse-all-link -->
      </div> <!-- navigator-suite-header -->
      <div class="suite">
        <div class="rounded-window">
          <div class="suite-header light-rounded-window-top">
            <a href="#" panel-name="suite-Suite" class="navigator-link">
              <span class="suite-name border-failed">Suite</span>
            </a> <!-- navigator-link -->
          </div> <!-- suite-header light-rounded-window-top -->
          <div class="navigator-suite-content">
            <div class="suite-section-title">
              <span>Info</span>
            </div> <!-- suite-section-title -->
            <div class="suite-section-content">
              <ul>
                <li>
                  <a href="#" panel-name="test-xml-Suite" class="navigator-link ">
                    <span>C:\Users\Andrei\eclipse-workspace\LumaAuto\src\test\java\Luma\LumaAuto\Regression.xml</span>
                  </a> <!-- navigator-link  -->
                </li>
                <li>
                  <a href="#" panel-name="testlist-Suite" class="navigator-link ">
                    <span class="test-stats">9 tests</span>
                  </a> <!-- navigator-link  -->
                </li>
                <li>
                  <a href="#" panel-name="group-Suite" class="navigator-link ">
                    <span>0 groups</span>
                  </a> <!-- navigator-link  -->
                </li>
                <li>
                  <a href="#" panel-name="times-Suite" class="navigator-link ">
                    <span>Times</span>
                  </a> <!-- navigator-link  -->
                </li>
                <li>
                  <a href="#" panel-name="reporter-Suite" class="navigator-link ">
                    <span>Reporter output</span>
                  </a> <!-- navigator-link  -->
                </li>
                <li>
                  <a href="#" panel-name="ignored-methods-Suite" class="navigator-link ">
                    <span>Ignored methods</span>
                  </a> <!-- navigator-link  -->
                </li>
                <li>
                  <a href="#" panel-name="chronological-Suite" class="navigator-link ">
                    <span>Chronological view</span>
                  </a> <!-- navigator-link  -->
                </li>
              </ul>
            </div> <!-- suite-section-content -->
            <div class="result-section">
              <div class="suite-section-title">
                <span>Results</span>
              </div> <!-- suite-section-title -->
              <div class="suite-section-content">
                <ul>
                  <li>
                    <span class="method-stats">5 methods, 4 failed,   1 passed</span>
                  </li>
                  <li>
                    <span class="method-list-title failed">Failed methods</span>
                    <span class="show-or-hide-methods failed">
                      <a href="#" panel-name="suite-Suite" class="hide-methods failed suite-Suite"> (hide)</a> <!-- hide-methods failed suite-Suite -->
                      <a href="#" panel-name="suite-Suite" class="show-methods failed suite-Suite"> (show)</a> <!-- show-methods failed suite-Suite -->
                    </span>
                    <div class="method-list-content failed suite-Suite">
                      <span>
                        <img src="failed.png" width="3%"/>
                        <a href="#" panel-name="suite-Suite" title="Luma.LumaAuto.Tests.ChangePasswordTest" class="method navigator-link" hash-for-method="changePassSteps">changePassSteps</a> <!-- method navigator-link -->
                      </span>
                      <br/>
                      <span>
                        <img src="failed.png" width="3%"/>
                        <a href="#" panel-name="suite-Suite" title="Luma.LumaAuto.Tests.RegistrationNegativeTest" class="method navigator-link" hash-for-method="stepsToRegNegativeCase">stepsToRegNegativeCase</a> <!-- method navigator-link -->
                      </span>
                      <br/>
                      <span>
                        <img src="failed.png" width="3%"/>
                        <a href="#" panel-name="suite-Suite" title="Luma.LumaAuto.Tests.RegistrationTest" class="method navigator-link" hash-for-method="stepsToRegNewUser">stepsToRegNewUser</a> <!-- method navigator-link -->
                      </span>
                      <br/>
                      <span>
                        <img src="failed.png" width="3%"/>
                        <a href="#" panel-name="suite-Suite" title="Luma.LumaAuto.Tests.LogInTest" class="method navigator-link" hash-for-method="stepsToRep">stepsToRep</a> <!-- method navigator-link -->
                      </span>
                      <br/>
                    </div> <!-- method-list-content failed suite-Suite -->
                  </li>
                  <li>
                    <span class="method-list-title passed">Passed methods</span>
                    <span class="show-or-hide-methods passed">
                      <a href="#" panel-name="suite-Suite" class="hide-methods passed suite-Suite"> (hide)</a> <!-- hide-methods passed suite-Suite -->
                      <a href="#" panel-name="suite-Suite" class="show-methods passed suite-Suite"> (show)</a> <!-- show-methods passed suite-Suite -->
                    </span>
                    <div class="method-list-content passed suite-Suite">
                      <span>
                        <img src="passed.png" width="3%"/>
                        <a href="#" panel-name="suite-Suite" title="Luma.LumaAuto.Tests.WomenItemsTests.BuysTeesTest" class="method navigator-link" hash-for-method="BuyAnItemSteps">BuyAnItemSteps</a> <!-- method navigator-link -->
                      </span>
                      <br/>
                    </div> <!-- method-list-content passed suite-Suite -->
                  </li>
                </ul>
              </div> <!-- suite-section-content -->
            </div> <!-- result-section -->
          </div> <!-- navigator-suite-content -->
        </div> <!-- rounded-window -->
      </div> <!-- suite -->
    </div> <!-- navigator-root -->
    <div class="wrapper">
      <div class="main-panel-root">
        <div panel-name="suite-Suite" class="panel Suite">
          <div class="suite-Suite-class-failed">
            <div class="main-panel-header rounded-window-top">
              <img src="failed.png"/>
              <span class="class-name">Luma.LumaAuto.Tests.RegistrationNegativeTest</span>
            </div> <!-- main-panel-header rounded-window-top -->
            <div class="main-panel-content rounded-window-bottom">
              <div class="method">
                <div class="method-content">
                  <a name="stepsToRegNegativeCase">
                  </a> <!-- stepsToRegNegativeCase -->
                  <span class="method-name">stepsToRegNegativeCase</span>
                  <div class="stack-trace">org.openqa.selenium.NoSuchWindowException: no such window: target window already closed
from unknown error: web view not found
  (Session info: chrome=120.0.6099.225)
Build info: version: &apos;4.16.1&apos;, revision: &apos;9b4c83354e&apos;
System info: os.name: &apos;Windows 11&apos;, os.arch: &apos;amd64&apos;, os.version: &apos;10.0&apos;, java.version: &apos;17.0.6&apos;
Driver info: org.openqa.selenium.chrome.ChromeDriver
Command: [15ad9005597686ac76ee916b522e2f2c, findElement {using=xpath, value=//a[contains(text(),&apos;Create an Account&apos;)]}]
Capabilities {acceptInsecureCerts: false, browserName: chrome, browserVersion: 120.0.6099.225, chrome: {chromedriverVersion: 120.0.6099.109 (3419140ab66..., userDataDir: C:\Users\Andrei\AppData\Loc...}, fedcm:accounts: true, goog:chromeOptions: {debuggerAddress: localhost:55975}, networkConnectionEnabled: false, pageLoadStrategy: normal, platformName: windows, proxy: Proxy(), se:cdp: ws://localhost:55975/devtoo..., se:cdpVersion: 120.0.6099.225, setWindowRect: true, strictFileInteractability: false, timeouts: {implicit: 0, pageLoad: 300000, script: 30000}, unhandledPromptBehavior: dismiss and notify, webauthn:extension:credBlob: true, webauthn:extension:largeBlob: true, webauthn:extension:minPinLength: true, webauthn:extension:prf: true, webauthn:virtualAuthenticators: true}
Session ID: 15ad9005597686ac76ee916b522e2f2c
	at org.openqa.selenium.remote.codec.w3c.W3CHttpResponseCodec.createException(W3CHttpResponseCodec.java:200)
	at org.openqa.selenium.remote.codec.w3c.W3CHttpResponseCodec.decode(W3CHttpResponseCodec.java:133)
	at org.openqa.selenium.remote.codec.w3c.W3CHttpResponseCodec.decode(W3CHttpResponseCodec.java:52)
	at org.openqa.selenium.remote.HttpCommandExecutor.execute(HttpCommandExecutor.java:191)
	at org.openqa.selenium.remote.service.DriverCommandExecutor.invokeExecute(DriverCommandExecutor.java:200)
	at org.openqa.selenium.remote.service.DriverCommandExecutor.execute(DriverCommandExecutor.java:175)
	at org.openqa.selenium.remote.RemoteWebDriver.execute(RemoteWebDriver.java:523)
	at org.openqa.selenium.remote.ElementLocation$ElementFinder$2.findElement(ElementLocation.java:165)
	at org.openqa.selenium.remote.ElementLocation.findElement(ElementLocation.java:59)
	at org.openqa.selenium.remote.RemoteWebDriver.findElement(RemoteWebDriver.java:360)
	at org.openqa.selenium.remote.RemoteWebDriver.findElement(RemoteWebDriver.java:354)
	at org.openqa.selenium.support.pagefactory.DefaultElementLocator.findElement(DefaultElementLocator.java:68)
	at org.openqa.selenium.support.pagefactory.internal.LocatingElementHandler.invoke(LocatingElementHandler.java:38)
	at jdk.proxy2/jdk.proxy2.$Proxy13.click(Unknown Source)
	at Luma.LumaAuto.Elements.HomePage.clickCreateAnAccount(HomePage.java:29)
	at Luma.LumaAuto.Tests.RegistrationNegativeTest.stepsToRegNegativeCase(RegistrationNegativeTest.java:18)
	at java.base/java.util.concurrent.ThreadPoolExecutor.runWorker(ThreadPoolExecutor.java:1136)
	at java.base/java.util.concurrent.ThreadPoolExecutor$Worker.run(ThreadPoolExecutor.java:635)
	at java.base/java.lang.Thread.run(Thread.java:833)
... Removed 15 stack frames
</div> <!-- stack-trace -->
                </div> <!-- method-content -->
              </div> <!-- method -->
            </div> <!-- main-panel-content rounded-window-bottom -->
          </div> <!-- suite-Suite-class-failed -->
          <div class="suite-Suite-class-failed">
            <div class="main-panel-header rounded-window-top">
              <img src="failed.png"/>
              <span class="class-name">Luma.LumaAuto.Tests.RegistrationTest</span>
            </div> <!-- main-panel-header rounded-window-top -->
            <div class="main-panel-content rounded-window-bottom">
              <div class="method">
                <div class="method-content">
                  <a name="stepsToRegNewUser">
                  </a> <!-- stepsToRegNewUser -->
                  <span class="method-name">stepsToRegNewUser</span>
                  <div class="stack-trace">org.openqa.selenium.NoSuchWindowException: no such window: target window already closed
from unknown error: web view not found
  (Session info: chrome=120.0.6099.225)
Build info: version: &apos;4.16.1&apos;, revision: &apos;9b4c83354e&apos;
System info: os.name: &apos;Windows 11&apos;, os.arch: &apos;amd64&apos;, os.version: &apos;10.0&apos;, java.version: &apos;17.0.6&apos;
Driver info: org.openqa.selenium.chrome.ChromeDriver
Command: [91e79cbb4400920867d892fcfda4e76f, findElement {using=xpath, value=//a[contains(text(),&apos;Create an Account&apos;)]}]
Capabilities {acceptInsecureCerts: false, browserName: chrome, browserVersion: 120.0.6099.225, chrome: {chromedriverVersion: 120.0.6099.109 (3419140ab66..., userDataDir: C:\Users\Andrei\AppData\Loc...}, fedcm:accounts: true, goog:chromeOptions: {debuggerAddress: localhost:55988}, networkConnectionEnabled: false, pageLoadStrategy: normal, platformName: windows, proxy: Proxy(), se:cdp: ws://localhost:55988/devtoo..., se:cdpVersion: 120.0.6099.225, setWindowRect: true, strictFileInteractability: false, timeouts: {implicit: 0, pageLoad: 300000, script: 30000}, unhandledPromptBehavior: dismiss and notify, webauthn:extension:credBlob: true, webauthn:extension:largeBlob: true, webauthn:extension:minPinLength: true, webauthn:extension:prf: true, webauthn:virtualAuthenticators: true}
Session ID: 91e79cbb4400920867d892fcfda4e76f
	at org.openqa.selenium.remote.codec.w3c.W3CHttpResponseCodec.createException(W3CHttpResponseCodec.java:200)
	at org.openqa.selenium.remote.codec.w3c.W3CHttpResponseCodec.decode(W3CHttpResponseCodec.java:133)
	at org.openqa.selenium.remote.codec.w3c.W3CHttpResponseCodec.decode(W3CHttpResponseCodec.java:52)
	at org.openqa.selenium.remote.HttpCommandExecutor.execute(HttpCommandExecutor.java:191)
	at org.openqa.selenium.remote.service.DriverCommandExecutor.invokeExecute(DriverCommandExecutor.java:200)
	at org.openqa.selenium.remote.service.DriverCommandExecutor.execute(DriverCommandExecutor.java:175)
	at org.openqa.selenium.remote.RemoteWebDriver.execute(RemoteWebDriver.java:523)
	at org.openqa.selenium.remote.ElementLocation$ElementFinder$2.findElement(ElementLocation.java:165)
	at org.openqa.selenium.remote.ElementLocation.findElement(ElementLocation.java:59)
	at org.openqa.selenium.remote.RemoteWebDriver.findElement(RemoteWebDriver.java:360)
	at org.openqa.selenium.remote.RemoteWebDriver.findElement(RemoteWebDriver.java:354)
	at org.openqa.selenium.support.pagefactory.DefaultElementLocator.findElement(DefaultElementLocator.java:68)
	at org.openqa.selenium.support.pagefactory.internal.LocatingElementHandler.invoke(LocatingElementHandler.java:38)
	at jdk.proxy2/jdk.proxy2.$Proxy13.click(Unknown Source)
	at Luma.LumaAuto.Elements.HomePage.clickCreateAnAccount(HomePage.java:29)
	at Luma.LumaAuto.Tests.RegistrationTest.stepsToRegNewUser(RegistrationTest.java:18)
	at java.base/java.util.concurrent.ThreadPoolExecutor.runWorker(ThreadPoolExecutor.java:1136)
	at java.base/java.util.concurrent.ThreadPoolExecutor$Worker.run(ThreadPoolExecutor.java:635)
	at java.base/java.lang.Thread.run(Thread.java:833)
... Removed 15 stack frames
</div> <!-- stack-trace -->
                </div> <!-- method-content -->
              </div> <!-- method -->
            </div> <!-- main-panel-content rounded-window-bottom -->
          </div> <!-- suite-Suite-class-failed -->
          <div class="suite-Suite-class-failed">
            <div class="main-panel-header rounded-window-top">
              <img src="failed.png"/>
              <span class="class-name">Luma.LumaAuto.Tests.ChangePasswordTest</span>
            </div> <!-- main-panel-header rounded-window-top -->
            <div class="main-panel-content rounded-window-bottom">
              <div class="method">
                <div class="method-content">
                  <a name="changePassSteps">
                  </a> <!-- changePassSteps -->
                  <span class="method-name">changePassSteps</span>
                  <div class="stack-trace">org.openqa.selenium.NoSuchWindowException: no such window: target window already closed
from unknown error: web view not found
  (Session info: chrome=120.0.6099.225)
Build info: version: &apos;4.16.1&apos;, revision: &apos;9b4c83354e&apos;
System info: os.name: &apos;Windows 11&apos;, os.arch: &apos;amd64&apos;, os.version: &apos;10.0&apos;, java.version: &apos;17.0.6&apos;
Driver info: org.openqa.selenium.chrome.ChromeDriver
Command: [ad6fbaeff6c353396802d33a02cc7c8a, findElement {using=xpath, value=//a[contains(text(),&apos;Sign In&apos;)]}]
Capabilities {acceptInsecureCerts: false, browserName: chrome, browserVersion: 120.0.6099.225, chrome: {chromedriverVersion: 120.0.6099.109 (3419140ab66..., userDataDir: C:\Users\Andrei\AppData\Loc...}, fedcm:accounts: true, goog:chromeOptions: {debuggerAddress: localhost:55939}, networkConnectionEnabled: false, pageLoadStrategy: normal, platformName: windows, proxy: Proxy(), se:cdp: ws://localhost:55939/devtoo..., se:cdpVersion: 120.0.6099.225, setWindowRect: true, strictFileInteractability: false, timeouts: {implicit: 0, pageLoad: 300000, script: 30000}, unhandledPromptBehavior: dismiss and notify, webauthn:extension:credBlob: true, webauthn:extension:largeBlob: true, webauthn:extension:minPinLength: true, webauthn:extension:prf: true, webauthn:virtualAuthenticators: true}
Session ID: ad6fbaeff6c353396802d33a02cc7c8a
	at org.openqa.selenium.remote.codec.w3c.W3CHttpResponseCodec.createException(W3CHttpResponseCodec.java:200)
	at org.openqa.selenium.remote.codec.w3c.W3CHttpResponseCodec.decode(W3CHttpResponseCodec.java:133)
	at org.openqa.selenium.remote.codec.w3c.W3CHttpResponseCodec.decode(W3CHttpResponseCodec.java:52)
	at org.openqa.selenium.remote.HttpCommandExecutor.execute(HttpCommandExecutor.java:191)
	at org.openqa.selenium.remote.service.DriverCommandExecutor.invokeExecute(DriverCommandExecutor.java:200)
	at org.openqa.selenium.remote.service.DriverCommandExecutor.execute(DriverCommandExecutor.java:175)
	at org.openqa.selenium.remote.RemoteWebDriver.execute(RemoteWebDriver.java:523)
	at org.openqa.selenium.remote.ElementLocation$ElementFinder$2.findElement(ElementLocation.java:165)
	at org.openqa.selenium.remote.ElementLocation.findElement(ElementLocation.java:59)
	at org.openqa.selenium.remote.RemoteWebDriver.findElement(RemoteWebDriver.java:360)
	at org.openqa.selenium.remote.RemoteWebDriver.findElement(RemoteWebDriver.java:354)
	at org.openqa.selenium.support.pagefactory.DefaultElementLocator.findElement(DefaultElementLocator.java:68)
	at org.openqa.selenium.support.pagefactory.internal.LocatingElementHandler.invoke(LocatingElementHandler.java:38)
	at jdk.proxy2/jdk.proxy2.$Proxy13.click(Unknown Source)
	at Luma.LumaAuto.Elements.HomePage.clickSignInButton(HomePage.java:24)
	at Luma.LumaAuto.Tests.ChangePasswordTest.changePassSteps(ChangePasswordTest.java:25)
	at java.base/java.util.concurrent.ThreadPoolExecutor.runWorker(ThreadPoolExecutor.java:1136)
	at java.base/java.util.concurrent.ThreadPoolExecutor$Worker.run(ThreadPoolExecutor.java:635)
	at java.base/java.lang.Thread.run(Thread.java:833)
... Removed 15 stack frames
</div> <!-- stack-trace -->
                </div> <!-- method-content -->
              </div> <!-- method -->
            </div> <!-- main-panel-content rounded-window-bottom -->
          </div> <!-- suite-Suite-class-failed -->
          <div class="suite-Suite-class-failed">
            <div class="main-panel-header rounded-window-top">
              <img src="failed.png"/>
              <span class="class-name">Luma.LumaAuto.Tests.LogInTest</span>
            </div> <!-- main-panel-header rounded-window-top -->
            <div class="main-panel-content rounded-window-bottom">
              <div class="method">
                <div class="method-content">
                  <a name="stepsToRep">
                  </a> <!-- stepsToRep -->
                  <span class="method-name">stepsToRep</span>
                  <div class="stack-trace">org.openqa.selenium.NoSuchWindowException: no such window: target window already closed
from unknown error: web view not found
  (Session info: chrome=120.0.6099.225)
Build info: version: &apos;4.16.1&apos;, revision: &apos;9b4c83354e&apos;
System info: os.name: &apos;Windows 11&apos;, os.arch: &apos;amd64&apos;, os.version: &apos;10.0&apos;, java.version: &apos;17.0.6&apos;
Driver info: org.openqa.selenium.chrome.ChromeDriver
Command: [fac3a9a37ab7c76b17cb28d698548db9, findElement {using=xpath, value=//a[contains(text(),&apos;Sign In&apos;)]}]
Capabilities {acceptInsecureCerts: false, browserName: chrome, browserVersion: 120.0.6099.225, chrome: {chromedriverVersion: 120.0.6099.109 (3419140ab66..., userDataDir: C:\Users\Andrei\AppData\Loc...}, fedcm:accounts: true, goog:chromeOptions: {debuggerAddress: localhost:55962}, networkConnectionEnabled: false, pageLoadStrategy: normal, platformName: windows, proxy: Proxy(), se:cdp: ws://localhost:55962/devtoo..., se:cdpVersion: 120.0.6099.225, setWindowRect: true, strictFileInteractability: false, timeouts: {implicit: 0, pageLoad: 300000, script: 30000}, unhandledPromptBehavior: dismiss and notify, webauthn:extension:credBlob: true, webauthn:extension:largeBlob: true, webauthn:extension:minPinLength: true, webauthn:extension:prf: true, webauthn:virtualAuthenticators: true}
Session ID: fac3a9a37ab7c76b17cb28d698548db9
	at org.openqa.selenium.remote.codec.w3c.W3CHttpResponseCodec.createException(W3CHttpResponseCodec.java:200)
	at org.openqa.selenium.remote.codec.w3c.W3CHttpResponseCodec.decode(W3CHttpResponseCodec.java:133)
	at org.openqa.selenium.remote.codec.w3c.W3CHttpResponseCodec.decode(W3CHttpResponseCodec.java:52)
	at org.openqa.selenium.remote.HttpCommandExecutor.execute(HttpCommandExecutor.java:191)
	at org.openqa.selenium.remote.service.DriverCommandExecutor.invokeExecute(DriverCommandExecutor.java:200)
	at org.openqa.selenium.remote.service.DriverCommandExecutor.execute(DriverCommandExecutor.java:175)
	at org.openqa.selenium.remote.RemoteWebDriver.execute(RemoteWebDriver.java:523)
	at org.openqa.selenium.remote.ElementLocation$ElementFinder$2.findElement(ElementLocation.java:165)
	at org.openqa.selenium.remote.ElementLocation.findElement(ElementLocation.java:59)
	at org.openqa.selenium.remote.RemoteWebDriver.findElement(RemoteWebDriver.java:360)
	at org.openqa.selenium.remote.RemoteWebDriver.findElement(RemoteWebDriver.java:354)
	at org.openqa.selenium.support.pagefactory.DefaultElementLocator.findElement(DefaultElementLocator.java:68)
	at org.openqa.selenium.support.pagefactory.internal.LocatingElementHandler.invoke(LocatingElementHandler.java:38)
	at jdk.proxy2/jdk.proxy2.$Proxy13.click(Unknown Source)
	at Luma.LumaAuto.Elements.HomePage.clickSignInButton(HomePage.java:24)
	at Luma.LumaAuto.Tests.LogInTest.stepsToRep(LogInTest.java:18)
	at java.base/java.util.concurrent.ThreadPoolExecutor.runWorker(ThreadPoolExecutor.java:1136)
	at java.base/java.util.concurrent.ThreadPoolExecutor$Worker.run(ThreadPoolExecutor.java:635)
	at java.base/java.lang.Thread.run(Thread.java:833)
... Removed 15 stack frames
</div> <!-- stack-trace -->
                </div> <!-- method-content -->
              </div> <!-- method -->
            </div> <!-- main-panel-content rounded-window-bottom -->
          </div> <!-- suite-Suite-class-failed -->
          <div class="suite-Suite-class-passed">
            <div class="main-panel-header rounded-window-top">
              <img src="passed.png"/>
              <span class="class-name">Luma.LumaAuto.Tests.WomenItemsTests.BuysTeesTest</span>
            </div> <!-- main-panel-header rounded-window-top -->
            <div class="main-panel-content rounded-window-bottom">
              <div class="method">
                <div class="method-content">
                  <a name="BuyAnItemSteps">
                  </a> <!-- BuyAnItemSteps -->
                  <span class="method-name">BuyAnItemSteps</span>
                </div> <!-- method-content -->
              </div> <!-- method -->
            </div> <!-- main-panel-content rounded-window-bottom -->
          </div> <!-- suite-Suite-class-passed -->
        </div> <!-- panel Suite -->
        <div panel-name="test-xml-Suite" class="panel">
          <div class="main-panel-header rounded-window-top">
            <span class="header-content">C:\Users\Andrei\eclipse-workspace\LumaAuto\src\test\java\Luma\LumaAuto\Regression.xml</span>
          </div> <!-- main-panel-header rounded-window-top -->
          <div class="main-panel-content rounded-window-bottom">
            <pre>
&lt;?xml version=&quot;1.0&quot; encoding=&quot;UTF-8&quot;?&gt;
&lt;!DOCTYPE suite SYSTEM &quot;http://testng.org/testng-1.0.dtd&quot;&gt;
&lt;suite thread-count=&quot;3&quot; parallel=&quot;methods&quot; name=&quot;Suite&quot; guice-stage=&quot;DEVELOPMENT&quot;&gt;
  &lt;test name=&quot;TestNR1&quot;&gt;
    &lt;classes&gt;
      &lt;class name=&quot;Luma.LumaAuto.Tests.WomenItemsTests.BuysTeesTest&quot;/&gt;
    &lt;/classes&gt;
  &lt;/test&gt; &lt;!-- TestNR1 --&gt;
  &lt;test name=&quot;TestNR2&quot;&gt;
    &lt;classes&gt;
      &lt;class name=&quot;Luma.LumaAuto.Tests.ChangePasswordTest&quot;/&gt;
    &lt;/classes&gt;
  &lt;/test&gt; &lt;!-- TestNR2 --&gt;
  &lt;test name=&quot;TestNR3&quot;&gt;
    &lt;classes&gt;
      &lt;class name=&quot;Luma.LumaAuto.Tests.LogInTest&quot;/&gt;
    &lt;/classes&gt;
  &lt;/test&gt; &lt;!-- TestNR3 --&gt;
  &lt;test name=&quot;TestNR4&quot;&gt;
    &lt;classes&gt;
      &lt;class name=&quot;Luma.LumaAuto.Tests.RegistrationNegativeTest&quot;/&gt;
    &lt;/classes&gt;
  &lt;/test&gt; &lt;!-- TestNR4 --&gt;
  &lt;test name=&quot;TestNR5&quot;&gt;
    &lt;classes&gt;
      &lt;class name=&quot;Luma.LumaAuto.Tests.RegistrationTest&quot;/&gt;
    &lt;/classes&gt;
  &lt;/test&gt; &lt;!-- TestNR5 --&gt;
  &lt;test parallel=&quot;methods&quot; name=&quot;TestNR2(failed)&quot;&gt;
    &lt;classes&gt;
      &lt;class name=&quot;Luma.LumaAuto.Tests.RegistrationNegativeTest&quot;&gt;
        &lt;methods&gt;
          &lt;include name=&quot;stepsBefore&quot;/&gt;
          &lt;include name=&quot;stepsAfter&quot;/&gt;
        &lt;/methods&gt;
      &lt;/class&gt; &lt;!-- Luma.LumaAuto.Tests.RegistrationNegativeTest --&gt;
      &lt;class name=&quot;Luma.LumaAuto.Tests.RegistrationTest&quot;&gt;
        &lt;methods&gt;
          &lt;include name=&quot;stepsBefore&quot;/&gt;
          &lt;include name=&quot;stepsAfter&quot;/&gt;
        &lt;/methods&gt;
      &lt;/class&gt; &lt;!-- Luma.LumaAuto.Tests.RegistrationTest --&gt;
      &lt;class name=&quot;Luma.LumaAuto.Tests.ChangePasswordTest&quot;&gt;
        &lt;methods&gt;
          &lt;include name=&quot;changePassSteps&quot;/&gt;
          &lt;include name=&quot;stepsBefore&quot;/&gt;
          &lt;include name=&quot;stepsAfter&quot;/&gt;
        &lt;/methods&gt;
      &lt;/class&gt; &lt;!-- Luma.LumaAuto.Tests.ChangePasswordTest --&gt;
      &lt;class name=&quot;Luma.LumaAuto.Tests.WomenItemsTests.BuysTeesTest&quot;&gt;
        &lt;methods&gt;
          &lt;include name=&quot;stepsBefore&quot;/&gt;
          &lt;include name=&quot;stepsAfter&quot;/&gt;
        &lt;/methods&gt;
      &lt;/class&gt; &lt;!-- Luma.LumaAuto.Tests.WomenItemsTests.BuysTeesTest --&gt;
      &lt;class name=&quot;Luma.LumaAuto.Tests.LogInTest&quot;&gt;
        &lt;methods&gt;
          &lt;include name=&quot;stepsBefore&quot;/&gt;
          &lt;include name=&quot;stepsAfter&quot;/&gt;
        &lt;/methods&gt;
      &lt;/class&gt; &lt;!-- Luma.LumaAuto.Tests.LogInTest --&gt;
    &lt;/classes&gt;
  &lt;/test&gt; &lt;!-- TestNR2(failed) --&gt;
  &lt;test parallel=&quot;methods&quot; name=&quot;TestNR3(failed)&quot;&gt;
    &lt;classes&gt;
      &lt;class name=&quot;Luma.LumaAuto.Tests.RegistrationNegativeTest&quot;&gt;
        &lt;methods&gt;
          &lt;include name=&quot;stepsBefore&quot;/&gt;
          &lt;include name=&quot;stepsAfter&quot;/&gt;
        &lt;/methods&gt;
      &lt;/class&gt; &lt;!-- Luma.LumaAuto.Tests.RegistrationNegativeTest --&gt;
      &lt;class name=&quot;Luma.LumaAuto.Tests.RegistrationTest&quot;&gt;
        &lt;methods&gt;
          &lt;include name=&quot;stepsBefore&quot;/&gt;
          &lt;include name=&quot;stepsAfter&quot;/&gt;
        &lt;/methods&gt;
      &lt;/class&gt; &lt;!-- Luma.LumaAuto.Tests.RegistrationTest --&gt;
      &lt;class name=&quot;Luma.LumaAuto.Tests.LogInTest&quot;&gt;
        &lt;methods&gt;
          &lt;include name=&quot;stepsToRep&quot;/&gt;
          &lt;include name=&quot;stepsBefore&quot;/&gt;
          &lt;include name=&quot;stepsAfter&quot;/&gt;
        &lt;/methods&gt;
      &lt;/class&gt; &lt;!-- Luma.LumaAuto.Tests.LogInTest --&gt;
      &lt;class name=&quot;Luma.LumaAuto.Tests.WomenItemsTests.BuysTeesTest&quot;&gt;
        &lt;methods&gt;
          &lt;include name=&quot;stepsBefore&quot;/&gt;
          &lt;include name=&quot;stepsAfter&quot;/&gt;
        &lt;/methods&gt;
      &lt;/class&gt; &lt;!-- Luma.LumaAuto.Tests.WomenItemsTests.BuysTeesTest --&gt;
      &lt;class name=&quot;Luma.LumaAuto.Tests.ChangePasswordTest&quot;&gt;
        &lt;methods&gt;
          &lt;include name=&quot;stepsBefore&quot;/&gt;
          &lt;include name=&quot;stepsAfter&quot;/&gt;
        &lt;/methods&gt;
      &lt;/class&gt; &lt;!-- Luma.LumaAuto.Tests.ChangePasswordTest --&gt;
    &lt;/classes&gt;
  &lt;/test&gt; &lt;!-- TestNR3(failed) --&gt;
  &lt;test parallel=&quot;methods&quot; name=&quot;TestNR4(failed)&quot;&gt;
    &lt;classes&gt;
      &lt;class name=&quot;Luma.LumaAuto.Tests.RegistrationNegativeTest&quot;&gt;
        &lt;methods&gt;
          &lt;include name=&quot;stepsBefore&quot;/&gt;
          &lt;include name=&quot;stepsToRegNegativeCase&quot;/&gt;
          &lt;include name=&quot;stepsAfter&quot;/&gt;
        &lt;/methods&gt;
      &lt;/class&gt; &lt;!-- Luma.LumaAuto.Tests.RegistrationNegativeTest --&gt;
      &lt;class name=&quot;Luma.LumaAuto.Tests.RegistrationTest&quot;&gt;
        &lt;methods&gt;
          &lt;include name=&quot;stepsBefore&quot;/&gt;
          &lt;include name=&quot;stepsAfter&quot;/&gt;
        &lt;/methods&gt;
      &lt;/class&gt; &lt;!-- Luma.LumaAuto.Tests.RegistrationTest --&gt;
      &lt;class name=&quot;Luma.LumaAuto.Tests.WomenItemsTests.BuysTeesTest&quot;&gt;
        &lt;methods&gt;
          &lt;include name=&quot;stepsBefore&quot;/&gt;
          &lt;include name=&quot;stepsAfter&quot;/&gt;
        &lt;/methods&gt;
      &lt;/class&gt; &lt;!-- Luma.LumaAuto.Tests.WomenItemsTests.BuysTeesTest --&gt;
      &lt;class name=&quot;Luma.LumaAuto.Tests.ChangePasswordTest&quot;&gt;
        &lt;methods&gt;
          &lt;include name=&quot;stepsBefore&quot;/&gt;
          &lt;include name=&quot;stepsAfter&quot;/&gt;
        &lt;/methods&gt;
      &lt;/class&gt; &lt;!-- Luma.LumaAuto.Tests.ChangePasswordTest --&gt;
      &lt;class name=&quot;Luma.LumaAuto.Tests.LogInTest&quot;&gt;
        &lt;methods&gt;
          &lt;include name=&quot;stepsBefore&quot;/&gt;
          &lt;include name=&quot;stepsAfter&quot;/&gt;
        &lt;/methods&gt;
      &lt;/class&gt; &lt;!-- Luma.LumaAuto.Tests.LogInTest --&gt;
    &lt;/classes&gt;
  &lt;/test&gt; &lt;!-- TestNR4(failed) --&gt;
  &lt;test parallel=&quot;methods&quot; name=&quot;TestNR5(failed)&quot;&gt;
    &lt;classes&gt;
      &lt;class name=&quot;Luma.LumaAuto.Tests.RegistrationNegativeTest&quot;&gt;
        &lt;methods&gt;
          &lt;include name=&quot;stepsBefore&quot;/&gt;
          &lt;include name=&quot;stepsAfter&quot;/&gt;
        &lt;/methods&gt;
      &lt;/class&gt; &lt;!-- Luma.LumaAuto.Tests.RegistrationNegativeTest --&gt;
      &lt;class name=&quot;Luma.LumaAuto.Tests.RegistrationTest&quot;&gt;
        &lt;methods&gt;
          &lt;include name=&quot;stepsBefore&quot;/&gt;
          &lt;include name=&quot;stepsToRegNewUser&quot;/&gt;
          &lt;include name=&quot;stepsAfter&quot;/&gt;
        &lt;/methods&gt;
      &lt;/class&gt; &lt;!-- Luma.LumaAuto.Tests.RegistrationTest --&gt;
      &lt;class name=&quot;Luma.LumaAuto.Tests.WomenItemsTests.BuysTeesTest&quot;&gt;
        &lt;methods&gt;
          &lt;include name=&quot;stepsBefore&quot;/&gt;
          &lt;include name=&quot;stepsAfter&quot;/&gt;
        &lt;/methods&gt;
      &lt;/class&gt; &lt;!-- Luma.LumaAuto.Tests.WomenItemsTests.BuysTeesTest --&gt;
      &lt;class name=&quot;Luma.LumaAuto.Tests.ChangePasswordTest&quot;&gt;
        &lt;methods&gt;
          &lt;include name=&quot;stepsBefore&quot;/&gt;
          &lt;include name=&quot;stepsAfter&quot;/&gt;
        &lt;/methods&gt;
      &lt;/class&gt; &lt;!-- Luma.LumaAuto.Tests.ChangePasswordTest --&gt;
      &lt;class name=&quot;Luma.LumaAuto.Tests.LogInTest&quot;&gt;
        &lt;methods&gt;
          &lt;include name=&quot;stepsBefore&quot;/&gt;
          &lt;include name=&quot;stepsAfter&quot;/&gt;
        &lt;/methods&gt;
      &lt;/class&gt; &lt;!-- Luma.LumaAuto.Tests.LogInTest --&gt;
    &lt;/classes&gt;
  &lt;/test&gt; &lt;!-- TestNR5(failed) --&gt;
&lt;/suite&gt; &lt;!-- Suite --&gt;
            </pre>
          </div> <!-- main-panel-content rounded-window-bottom -->
        </div> <!-- panel -->
        <div panel-name="testlist-Suite" class="panel">
          <div class="main-panel-header rounded-window-top">
            <span class="header-content">Tests for Suite</span>
          </div> <!-- main-panel-header rounded-window-top -->
          <div class="main-panel-content rounded-window-bottom">
            <ul>
              <li>
                <span class="test-name">TestNR1 (1 class)</span>
              </li>
              <li>
                <span class="test-name">TestNR2 (1 class)</span>
              </li>
              <li>
                <span class="test-name">TestNR3 (1 class)</span>
              </li>
              <li>
                <span class="test-name">TestNR4 (1 class)</span>
              </li>
              <li>
                <span class="test-name">TestNR5 (1 class)</span>
              </li>
              <li>
                <span class="test-name">TestNR2(failed) (5 classes)</span>
              </li>
              <li>
                <span class="test-name">TestNR3(failed) (5 classes)</span>
              </li>
              <li>
                <span class="test-name">TestNR4(failed) (5 classes)</span>
              </li>
              <li>
                <span class="test-name">TestNR5(failed) (5 classes)</span>
              </li>
            </ul>
          </div> <!-- main-panel-content rounded-window-bottom -->
        </div> <!-- panel -->
        <div panel-name="group-Suite" class="panel">
          <div class="main-panel-header rounded-window-top">
            <span class="header-content">Groups for Suite</span>
          </div> <!-- main-panel-header rounded-window-top -->
          <div class="main-panel-content rounded-window-bottom">
          </div> <!-- main-panel-content rounded-window-bottom -->
        </div> <!-- panel -->
        <div panel-name="times-Suite" class="panel">
          <div class="main-panel-header rounded-window-top">
            <span class="header-content">Times for Suite</span>
          </div> <!-- main-panel-header rounded-window-top -->
          <div class="main-panel-content rounded-window-bottom">
            <div class="times-div">
              <script type="text/javascript">
suiteTableInitFunctions.push('tableData_Suite');
function tableData_Suite() {
var data = new google.visualization.DataTable();
data.addColumn('number', 'Number');
data.addColumn('string', 'Method');
data.addColumn('string', 'Class');
data.addColumn('number', 'Time (ms)');
data.addRows(5);
data.setCell(0, 0, 0)
data.setCell(0, 1, 'BuyAnItemSteps')
data.setCell(0, 2, 'Luma.LumaAuto.Tests.WomenItemsTests.BuysTeesTest')
data.setCell(0, 3, 4844);
data.setCell(1, 0, 1)
data.setCell(1, 1, 'stepsToRep')
data.setCell(1, 2, 'Luma.LumaAuto.Tests.LogInTest')
data.setCell(1, 3, 16);
data.setCell(2, 0, 2)
data.setCell(2, 1, 'changePassSteps')
data.setCell(2, 2, 'Luma.LumaAuto.Tests.ChangePasswordTest')
data.setCell(2, 3, 13);
data.setCell(3, 0, 3)
data.setCell(3, 1, 'stepsToRegNegativeCase')
data.setCell(3, 2, 'Luma.LumaAuto.Tests.RegistrationNegativeTest')
data.setCell(3, 3, 3);
data.setCell(4, 0, 4)
data.setCell(4, 1, 'stepsToRegNewUser')
data.setCell(4, 2, 'Luma.LumaAuto.Tests.RegistrationTest')
data.setCell(4, 3, 2);
window.suiteTableData['Suite']= { tableData: data, tableDiv: 'times-div-Suite'}
return data;
}
              </script>
              <span class="suite-total-time">Total running time: 4 seconds</span>
              <div id="times-div-Suite">
              </div> <!-- times-div-Suite -->
            </div> <!-- times-div -->
          </div> <!-- main-panel-content rounded-window-bottom -->
        </div> <!-- panel -->
        <div panel-name="reporter-Suite" class="panel">
          <div class="main-panel-header rounded-window-top">
            <span class="header-content">Reporter output for Suite</span>
          </div> <!-- main-panel-header rounded-window-top -->
          <div class="main-panel-content rounded-window-bottom">
          </div> <!-- main-panel-content rounded-window-bottom -->
        </div> <!-- panel -->
        <div panel-name="ignored-methods-Suite" class="panel">
          <div class="main-panel-header rounded-window-top">
            <span class="header-content">0 ignored methods</span>
          </div> <!-- main-panel-header rounded-window-top -->
          <div class="main-panel-content rounded-window-bottom">
          </div> <!-- main-panel-content rounded-window-bottom -->
        </div> <!-- panel -->
        <div panel-name="chronological-Suite" class="panel">
          <div class="main-panel-header rounded-window-top">
            <span class="header-content">Methods in chronological order</span>
          </div> <!-- main-panel-header rounded-window-top -->
          <div class="main-panel-content rounded-window-bottom">
            <div class="chronological-class">
              <div class="chronological-class-name">Luma.LumaAuto.Tests.WomenItemsTests.BuysTeesTest</div> <!-- chronological-class-name -->
              <div class="configuration-test before">
                <span class="method-name">stepsBefore</span>
                <span class="method-start">0 ms</span>
              </div> <!-- configuration-test before -->
              <div class="test-method">
                <span class="method-name">BuyAnItemSteps</span>
                <span class="method-start">3540 ms</span>
              </div> <!-- test-method -->
              <div class="configuration-test after">
                <span class="method-name">stepsAfter</span>
                <span class="method-start">8385 ms</span>
              </div> <!-- configuration-test after -->
            </div> <!-- chronological-class -->
            <div class="chronological-class">
              <div class="chronological-class-name">Luma.LumaAuto.Tests.ChangePasswordTest</div> <!-- chronological-class-name -->
              <div class="configuration-test before">
                <span class="method-name">stepsBefore</span>
                <span class="method-start">8730 ms</span>
              </div> <!-- configuration-test before -->
              <div class="test-method">
                <img src="failed.png">
                </img>
                <span class="method-name">changePassSteps</span>
                <span class="method-start">11489 ms</span>
              </div> <!-- test-method -->
              <div class="configuration-test after">
                <img src="failed.png">
                </img>
                <span class="method-name">stepsAfter</span>
                <span class="method-start">11514 ms</span>
              </div> <!-- configuration-test after -->
            </div> <!-- chronological-class -->
            <div class="chronological-class">
              <div class="chronological-class-name">Luma.LumaAuto.Tests.LogInTest</div> <!-- chronological-class-name -->
              <div class="configuration-test before">
                <span class="method-name">stepsBefore</span>
                <span class="method-start">11533 ms</span>
              </div> <!-- configuration-test before -->
              <div class="test-method">
                <img src="failed.png">
                </img>
                <span class="method-name">stepsToRep</span>
                <span class="method-start">13306 ms</span>
              </div> <!-- test-method -->
              <div class="configuration-test after">
                <img src="failed.png">
                </img>
                <span class="method-name">stepsAfter</span>
                <span class="method-start">13322 ms</span>
              </div> <!-- configuration-test after -->
            </div> <!-- chronological-class -->
            <div class="chronological-class">
              <div class="chronological-class-name">Luma.LumaAuto.Tests.RegistrationNegativeTest</div> <!-- chronological-class-name -->
              <div class="configuration-test before">
                <span class="method-name">stepsBefore</span>
                <span class="method-start">13353 ms</span>
              </div> <!-- configuration-test before -->
              <div class="test-method">
                <img src="failed.png">
                </img>
                <span class="method-name">stepsToRegNegativeCase</span>
                <span class="method-start">14959 ms</span>
              </div> <!-- test-method -->
              <div class="configuration-test after">
                <img src="failed.png">
                </img>
                <span class="method-name">stepsAfter</span>
                <span class="method-start">14963 ms</span>
              </div> <!-- configuration-test after -->
            </div> <!-- chronological-class -->
            <div class="chronological-class">
              <div class="chronological-class-name">Luma.LumaAuto.Tests.RegistrationTest</div> <!-- chronological-class-name -->
              <div class="configuration-test before">
                <span class="method-name">stepsBefore</span>
                <span class="method-start">14971 ms</span>
              </div> <!-- configuration-test before -->
              <div class="test-method">
                <img src="failed.png">
                </img>
                <span class="method-name">stepsToRegNewUser</span>
                <span class="method-start">16503 ms</span>
              </div> <!-- test-method -->
              <div class="configuration-test after">
                <img src="failed.png">
                </img>
                <span class="method-name">stepsAfter</span>
                <span class="method-start">16506 ms</span>
              </div> <!-- configuration-test after -->
          </div> <!-- main-panel-content rounded-window-bottom -->
        </div> <!-- panel -->
      </div> <!-- main-panel-root -->
    </div> <!-- wrapper -->
  </body>
</html>
